<?xml version="1.0" encoding="UTF-8"?>
<testng-results skipped="0" failed="0" ignored="0" total="1" passed="1">
  <reporter-output>
  </reporter-output>
  <suite name="Suite" duration-ms="25415" started-at="2017-02-16T16:43:14Z" finished-at="2017-02-16T16:43:39Z">
    <groups>
    </groups>
    <test name="Test" duration-ms="25415" started-at="2017-02-16T16:43:14Z" finished-at="2017-02-16T16:43:39Z">
      <class name="MavenDemo.DemoOpeningGoogle">
        <test-method status="PASS" signature="openBrowser()[pri:0, instance:MavenDemo.DemoOpeningGoogle@1bce4f0a]" name="openBrowser" duration-ms="25382" started-at="2017-02-16T22:13:14Z" finished-at="2017-02-16T22:13:39Z">
          <reporter-output>
          </reporter-output>
        </test-method> <!-- openBrowser -->
      </class> <!-- MavenDemo.DemoOpeningGoogle -->
    </test> <!-- Test -->
  </suite> <!-- Suite -->
</testng-results>
