<?xml version="1.0" encoding="UTF-8"?>
<testng-results skipped="0" failed="0" ignored="0" total="1" passed="1">
  <reporter-output>
  </reporter-output>
  <suite name="Default suite" duration-ms="55" started-at="2017-03-19T10:36:49Z" finished-at="2017-03-19T10:36:49Z">
    <groups>
    </groups>
    <test name="Default test" duration-ms="55" started-at="2017-03-19T10:36:49Z" finished-at="2017-03-19T10:36:49Z">
      <class name="qsp.Demo1">
        <test-method status="PASS" signature="m1()[pri:0, instance:qsp.Demo1@3fee9989]" name="m1" is-config="true" duration-ms="16" started-at="2017-03-19T16:06:49Z" finished-at="2017-03-19T16:06:49Z">
          <reporter-output>
          </reporter-output>
        </test-method> <!-- m1 -->
        <test-method status="PASS" signature="LogDemo()[pri:0, instance:qsp.Demo1@3fee9989]" name="LogDemo" duration-ms="7" started-at="2017-03-19T16:06:49Z" finished-at="2017-03-19T16:06:49Z">
          <reporter-output>
          </reporter-output>
        </test-method> <!-- LogDemo -->
      </class> <!-- qsp.Demo1 -->
    </test> <!-- Default test -->
  </suite> <!-- Default suite -->
</testng-results>
