<?xml version="1.0" encoding="UTF-8"?>
<testng-results skipped="0" failed="1" ignored="0" total="2" passed="1">
  <reporter-output>
  </reporter-output>
  <suite name="Default suite" duration-ms="176" started-at="2017-03-26T09:05:31Z" finished-at="2017-03-26T09:05:31Z">
    <groups>
    </groups>
    <test name="Default test" duration-ms="176" started-at="2017-03-26T09:05:31Z" finished-at="2017-03-26T09:05:31Z">
      <class name="Reports.Demo">
        <test-method status="PASS" signature="m1()[pri:0, instance:Reports.Demo@5d5eef3d]" name="m1" is-config="true" duration-ms="664" started-at="2017-03-26T14:35:30Z" finished-at="2017-03-26T14:35:31Z">
          <reporter-output>
          </reporter-output>
        </test-method> <!-- m1 -->
        <test-method status="PASS" signature="m3(java.lang.reflect.Method)[pri:0, instance:Reports.Demo@5d5eef3d]" name="m3" is-config="true" duration-ms="50" started-at="2017-03-26T14:35:31Z" finished-at="2017-03-26T14:35:31Z">
          <params>
            <param index="0">
              <value>
                <![CDATA[public void Reports.Demo.login()]]>
              </value>
            </param>
          </params>
          <reporter-output>
          </reporter-output>
        </test-method> <!-- m3 -->
        <test-method status="PASS" signature="login()[pri:0, instance:Reports.Demo@5d5eef3d]" name="login" duration-ms="16" started-at="2017-03-26T14:35:31Z" finished-at="2017-03-26T14:35:31Z">
          <reporter-output>
          </reporter-output>
        </test-method> <!-- login -->
        <test-method status="PASS" signature="m4(org.testng.ITestResult)[pri:0, instance:Reports.Demo@5d5eef3d]" name="m4" is-config="true" duration-ms="4" started-at="2017-03-26T14:35:31Z" finished-at="2017-03-26T14:35:31Z">
          <params>
            <param index="0">
              <value>
                <![CDATA[[TestResult name=login status=SUCCESS method=Demo.login()[pri:0, instance:Reports.Demo@5d5eef3d] output={null}]]]>
              </value>
            </param>
          </params>
          <reporter-output>
          </reporter-output>
        </test-method> <!-- m4 -->
        <test-method status="PASS" signature="m3(java.lang.reflect.Method)[pri:0, instance:Reports.Demo@5d5eef3d]" name="m3" is-config="true" duration-ms="1" started-at="2017-03-26T14:35:31Z" finished-at="2017-03-26T14:35:31Z">
          <params>
            <param index="0">
              <value>
                <![CDATA[public void Reports.Demo.logout()]]>
              </value>
            </param>
          </params>
          <reporter-output>
          </reporter-output>
        </test-method> <!-- m3 -->
        <test-method status="FAIL" signature="logout()[pri:0, instance:Reports.Demo@5d5eef3d]" name="logout" duration-ms="20" started-at="2017-03-26T14:35:31Z" finished-at="2017-03-26T14:35:31Z">
          <exception class="java.lang.AssertionError">
            <message>
              <![CDATA[null]]>
            </message>
            <full-stacktrace>
              <![CDATA[java.lang.AssertionError: null
	at org.testng.Assert.fail(Assert.java:94)
	at org.testng.Assert.fail(Assert.java:101)
	at Reports.Demo.logout(Demo.java:57)
	at sun.reflect.NativeMethodAccessorImpl.invoke0(Native Method)
	at sun.reflect.NativeMethodAccessorImpl.invoke(Unknown Source)
	at sun.reflect.DelegatingMethodAccessorImpl.invoke(Unknown Source)
	at java.lang.reflect.Method.invoke(Unknown Source)
	at org.testng.internal.MethodInvocationHelper.invokeMethod(MethodInvocationHelper.java:104)
	at org.testng.internal.Invoker.invokeMethod(Invoker.java:645)
	at org.testng.internal.Invoker.invokeTestMethod(Invoker.java:851)
	at org.testng.internal.Invoker.invokeTestMethods(Invoker.java:1177)
	at org.testng.internal.TestMethodWorker.invokeTestMethods(TestMethodWorker.java:129)
	at org.testng.internal.TestMethodWorker.run(TestMethodWorker.java:112)
	at org.testng.TestRunner.privateRun(TestRunner.java:756)
	at org.testng.TestRunner.run(TestRunner.java:610)
	at org.testng.SuiteRunner.runTest(SuiteRunner.java:387)
	at org.testng.SuiteRunner.runSequentially(SuiteRunner.java:382)
	at org.testng.SuiteRunner.privateRun(SuiteRunner.java:340)
	at org.testng.SuiteRunner.run(SuiteRunner.java:289)
	at org.testng.SuiteRunnerWorker.runSuite(SuiteRunnerWorker.java:52)
	at org.testng.SuiteRunnerWorker.run(SuiteRunnerWorker.java:86)
	at org.testng.TestNG.runSuitesSequentially(TestNG.java:1293)
	at org.testng.TestNG.runSuitesLocally(TestNG.java:1218)
	at org.testng.TestNG.runSuites(TestNG.java:1133)
	at org.testng.TestNG.run(TestNG.java:1104)
	at org.testng.remote.AbstractRemoteTestNG.run(AbstractRemoteTestNG.java:132)
	at org.testng.remote.RemoteTestNG.initAndRun(RemoteTestNG.java:236)
	at org.testng.remote.RemoteTestNG.main(RemoteTestNG.java:81)
]]>
            </full-stacktrace>
          </exception> <!-- java.lang.AssertionError -->
          <reporter-output>
          </reporter-output>
        </test-method> <!-- logout -->
        <test-method status="PASS" signature="m4(org.testng.ITestResult)[pri:0, instance:Reports.Demo@5d5eef3d]" name="m4" is-config="true" duration-ms="1" started-at="2017-03-26T14:35:31Z" finished-at="2017-03-26T14:35:31Z">
          <params>
            <param index="0">
              <value>
                <![CDATA[[TestResult name=logout status=FAILURE method=Demo.logout()[pri:0, instance:Reports.Demo@5d5eef3d] output={null}]]]>
              </value>
            </param>
          </params>
          <reporter-output>
          </reporter-output>
        </test-method> <!-- m4 -->
        <test-method status="PASS" signature="m2()[pri:0, instance:Reports.Demo@5d5eef3d]" name="m2" is-config="true" duration-ms="693" started-at="2017-03-26T14:35:31Z" finished-at="2017-03-26T14:35:32Z">
          <reporter-output>
          </reporter-output>
        </test-method> <!-- m2 -->
      </class> <!-- Reports.Demo -->
    </test> <!-- Default test -->
  </suite> <!-- Default suite -->
</testng-results>
