<?xml version="1.0" encoding="UTF-8"?>
<testng-results skipped="0" failed="0" ignored="0" total="1" passed="1">
  <reporter-output>
  </reporter-output>
  <suite name="Suite" duration-ms="9810" started-at="2017-02-16T16:44:09Z" finished-at="2017-02-16T16:44:19Z">
    <groups>
    </groups>
    <test name="Test" duration-ms="9810" started-at="2017-02-16T16:44:09Z" finished-at="2017-02-16T16:44:19Z">
      <class name="MavenDemo.DemoOpeningGoogle">
        <test-method status="PASS" signature="openBrowser()[pri:0, instance:MavenDemo.DemoOpeningGoogle@96532d6]" name="openBrowser" duration-ms="9784" started-at="2017-02-16T22:14:09Z" finished-at="2017-02-16T22:14:19Z">
          <reporter-output>
          </reporter-output>
        </test-method> <!-- openBrowser -->
      </class> <!-- MavenDemo.DemoOpeningGoogle -->
    </test> <!-- Test -->
  </suite> <!-- Suite -->
</testng-results>
