<?xml version="1.0" encoding="UTF-8"?>
<testng-results skipped="0" failed="0" ignored="0" total="2" passed="2">
  <reporter-output>
    <line>
      <![CDATA[HI]]>
    </line>
    <line>
      <![CDATA[BYE]]>
    </line>
  </reporter-output>
  <suite name="Suite" duration-ms="53" started-at="2017-02-25T14:08:44Z" finished-at="2017-02-25T14:08:44Z">
    <groups>
    </groups>
    <test name="Test" duration-ms="53" started-at="2017-02-25T14:08:44Z" finished-at="2017-02-25T14:08:44Z">
      <class name="com.qspiders.Demo">
        <test-method status="PASS" signature="test()[pri:0, instance:com.qspiders.Demo@402f32ff]" name="test" duration-ms="14" started-at="2017-02-25T19:38:44Z" finished-at="2017-02-25T19:38:44Z">
          <reporter-output>
            <line>
              <![CDATA[HI]]>
            </line>
          </reporter-output>
        </test-method> <!-- test -->
      </class> <!-- com.qspiders.Demo -->
      <class name="com.qspiders.DemoA">
        <test-method status="PASS" signature="testA()[pri:0, instance:com.qspiders.DemoA@6d8a00e3]" name="testA" duration-ms="3" started-at="2017-02-25T19:38:44Z" finished-at="2017-02-25T19:38:44Z">
          <reporter-output>
            <line>
              <![CDATA[BYE]]>
            </line>
          </reporter-output>
        </test-method> <!-- testA -->
      </class> <!-- com.qspiders.DemoA -->
    </test> <!-- Test -->
  </suite> <!-- Suite -->
</testng-results>
